<?xml version="1.0" encoding="UTF-8"?>
<testng-results ignored="0" total="1" passed="1" failed="0" skipped="0">
  <reporter-output>
  </reporter-output>
  <suite started-at="2024-06-26T15:20:23 IST" name="Default suite" finished-at="2024-06-26T15:20:52 IST" duration-ms="28807">
    <groups>
    </groups>
    <test started-at="2024-06-26T15:20:23 IST" name="Default test" finished-at="2024-06-26T15:20:52 IST" duration-ms="28807">
      <class name="rahulshettyacademy.MobileBrowserTest">
        <test-method is-config="true" signature="ConfigureAppium()[pri:0, instance:rahulshettyacademy.MobileBrowserTest@957e06]" started-at="2024-06-26T15:20:23 IST" name="ConfigureAppium" finished-at="2024-06-26T15:20:40 IST" duration-ms="16862" status="PASS">
          <reporter-output>
          </reporter-output>
        </test-method> <!-- ConfigureAppium -->
        <test-method signature="bwserTest()[pri:0, instance:rahulshettyacademy.MobileBrowserTest@957e06]" started-at="2024-06-26T15:20:40 IST" name="bwserTest" finished-at="2024-06-26T15:20:51 IST" duration-ms="11076" status="PASS">
          <reporter-output>
          </reporter-output>
        </test-method> <!-- bwserTest -->
        <test-method is-config="true" signature="tearDown()[pri:0, instance:rahulshettyacademy.MobileBrowserTest@957e06]" started-at="2024-06-26T15:20:51 IST" name="tearDown" finished-at="2024-06-26T15:20:52 IST" duration-ms="824" status="PASS">
          <reporter-output>
          </reporter-output>
        </test-method> <!-- tearDown -->
      </class> <!-- rahulshettyacademy.MobileBrowserTest -->
    </test> <!-- Default test -->
  </suite> <!-- Default suite -->
</testng-results>
